2019-05-10 10:33:45 meeting_weeklyreport.py(62 - MainProcess - MainThread - <module>): INFO json文件合并后的数据:{"gzip": "false", "data": [{"mid": "20513759", "nubes": "", "time": [{"startTime": "2019-04-30 00:01:29", "endTime": "2019-04-30 19:23:12"}]}, {"mid": "50534017", "nubes": "", "time": [{"startTime": "2019-04-30 05:57:10", "endTime": "2019-04-30 20:15:40"}]}, {"mid": "40535653", "nubes": "", "time": [{"startTime": "2019-04-30 07:40:26", "endTime": "2019-04-30 19:13:50"}]}, {"mid": "60534001", "nubes": "", "time": [{"startTime": "2019-04-30 07:40:29", "endTime": "2019-05-01 00:00:24"}]}, {"mid": "40514015", "nubes": "", "time": [{"startTime": "2019-04-30 07:41:40", "endTime": "2019-04-30 20:20:39"}]}, {"mid": "90513791", "nubes": "", "time": [{"startTime": "2019-04-30 07:45:29", "endTime": "2019-04-30 19:26:17"}]}, {"mid": "20521851", "nubes": "", "time": [{"startTime": "2019-04-30 07:57:06", "endTime": "2019-05-01 00:00:30"}]}, {"mid": "30534967", "nubes": "", "time": [{"startTime": "2019-04-30 07:59:11", "endTime": "2019-05-01 00:00:41"}]}, {"mid": "70535659", "nubes": "", "time": [{"startTime": "2019-04-30 08:05:34", "endTime": "2019-04-30 20:04:58"}]}, {"mid": "40513815", "nubes": "", "time": [{"startTime": "2019-04-30 08:09:52", "endTime": "2019-05-01 00:00:48"}]}, {"mid": "20534063", "nubes": "", "time": [{"startTime": "2019-04-30 08:11:04", "endTime": "2019-04-30 09:53:54"}]}, {"mid": "70535095", "nubes": "", "time": [{"startTime": "2019-04-30 08:12:34", "endTime": "2019-04-30 08:16:48"}]}, {"mid": "90535661", "nubes": "", "time": [{"startTime": "2019-04-30 08:14:24", "endTime": "2019-04-30 20:08:46"}]}, {"mid": "40508235", "nubes": "", "time": [{"startTime": "2019-04-30 08:16:39", "endTime": "2019-05-01 00:00:58"}]}, {"mid": "70513653", "nubes": "", "time": [{"startTime": "2019-04-30 08:20:32", "endTime": "2019-05-01 00:00:28"}]}, {"mid": "50534031", "nubes": "", "time": [{"startTime": "2019-04-30 08:38:40", "endTime": "2019-05-01 00:00:48"}]}, {"mid": "20512343", "nubes": "", "time": [{"startTime": "2019-04-30 08:42:00", "endTime": "2019-05-01 00:01:07"}]}, {"mid": "80535715", "nubes": "", "time": [{"startTime": "2019-04-30 08:45:58", "endTime": "2019-04-30 22:05:25"}]}, {"mid": "20518579", "nubes": "", "time": [{"startTime": "2019-04-30 09:04:55", "endTime": "2019-05-01 00:00:25"}]}, {"mid": "30535087", "nubes": "", "time": [{"startTime": "2019-04-30 09:06:22", "endTime": "2019-05-01 00:00:20"}]}, {"mid": "40531553", "nubes": "", "time": [{"startTime": "2019-04-30 09:16:46", "endTime": "2019-05-01 00:00:32"}]}, {"mid": "20531493", "nubes": "", "time": [{"startTime": "2019-04-30 09:49:06", "endTime": "2019-05-01 00:00:27"}]}, {"mid": "50522379", "nubes": "", "time": [{"startTime": "2019-04-30 11:33:35", "endTime": "2019-05-01 00:00:50"}]}, {"mid": "30526489", "nubes": "", "time": [{"startTime": "2019-04-30 12:43:06", "endTime": "2019-05-01 00:00:45"}]}]}
2019-05-10 10:33:45 meeting_weeklyreport.py(75 - MainProcess - MainThread - <module>): INFO 会议分析程序启动的时间:2019_05_10_10_33_45
2019-05-10 10:33:45 meeting_weeklyreport.py(83 - MainProcess - MainThread - <module>): INFO 总共需要分析的会议个数:24
2019-05-10 10:33:45 meeting_weeklyreport.py(85 - MainProcess - MainThread - <module>): INFO 剩余未分析的会议个数:24
2019-05-10 10:33:45 meeting_weeklyreport.py(94 - MainProcess - MainThread - <module>): INFO 开始调用分析接口分析20513759会议
2019-05-10 10:34:16 meeting_weeklyreport.py(111 - MainProcess - MainThread - <module>): INFO 分析20513759会议的接口调用完毕
2019-05-10 10:34:16 meeting_weeklyreport.py(113 - MainProcess - MainThread - <module>): INFO 响应数据:{"state": {"resultCode": 0, "msg": "\u6839\u636e\u60a8\u7684\u8f93\u5165\u6761\u4ef6\u3010\u670d\u52a1\u5668\u8017\u65f6:29\u79d2\uff0c\u7ed3\u679c\u5927\u5c0f:716Byte\u3011"}, "result": {"20513759": {"2019-04-30 00:01:29->2019-04-30 19:23:12": {"c2c": {"61101192->61101200": {"lostBadNum": 0, "lost0To2": 4241, "eBadNum": 5, "eAllNum": 2169, "lost2To100": 5}, "61101192->61101052": {"lostBadNum": 3, "lost0To2": 4184, "eBadNum": 44, "eAllNum": 2477, "lost2To100": 117}, "61101200->61101192": {"lostBadNum": 0, "lost0To2": 4952, "eBadNum": 10, "eAllNum": 2484, "lost2To100": 1}, "61101052->61101200": {"lostBadNum": 0, "lost0To2": 23771, "eBadNum": 71, "eAllNum": 12234, "lost2To100": 61}, "61101200->61101052": {"lostBadNum": 11, "lost0To2": 21398, "eBadNum": 403, "eAllNum": 11658, "lost2To100": 468}, "61101052->61101192": {"lostBadNum": 0, "lost0To2": 6658, "eBadNum": 19, "eAllNum": 3340, "lost2To100": 10}}, "count": {"info": {"userNum": 3, "consumeTime": 29455, "qosTableAllNum": 4044, "qosTableCountNum": 109, "recordNum": 68747}}}}}}
2019-05-10 10:34:16 meeting_weeklyreport.py(115 - MainProcess - MainThread - <module>): INFO 开始对20513759会议响应的数据进行数据整理
2019-05-10 10:34:16 api.py(156 - MainProcess - MainThread - Analyze_Response): INFO 开始匹配会议名称
2019-05-10 10:34:16 api.py(169 - MainProcess - MainThread - Analyze_Response): INFO 开始匹配会议的起始时间和结束时间
2019-05-10 10:34:16 api.py(181 - MainProcess - MainThread - Analyze_Response): INFO 开始匹配会议的参会人数
2019-05-10 10:34:16 api.py(181 - MainProcess - MainThread - Analyze_Response): INFO 开始匹配会议的参会人数
2019-05-10 10:34:16 api.py(191 - MainProcess - MainThread - Analyze_Response): INFO 将不合格的端到端添加到列表
2019-05-10 10:34:16 api.py(181 - MainProcess - MainThread - Analyze_Response): INFO 开始匹配会议的参会人数
2019-05-10 10:34:16 api.py(181 - MainProcess - MainThread - Analyze_Response): INFO 开始匹配会议的参会人数
2019-05-10 10:34:16 api.py(181 - MainProcess - MainThread - Analyze_Response): INFO 开始匹配会议的参会人数
2019-05-10 10:34:16 api.py(191 - MainProcess - MainThread - Analyze_Response): INFO 将不合格的端到端添加到列表
2019-05-10 10:34:16 api.py(181 - MainProcess - MainThread - Analyze_Response): INFO 开始匹配会议的参会人数
2019-05-10 10:34:16 api.py(194 - MainProcess - MainThread - Analyze_Response): INFO 开始求端到端总体合格率
2019-05-10 10:34:16 api.py(198 - MainProcess - MainThread - Analyze_Response): INFO 开始匹配视频号对应的昵称
2019-05-10 10:34:16 api.py(122 - MainProcess - MainThread - number_and_usercenter): INFO 开始调用用户中心接口
2019-05-10 10:34:16 api.py(141 - MainProcess - MainThread - number_and_usercenter): INFO 用户中心接口调用完毕,视频号和昵称匹配完毕
2019-05-10 10:34:16 meeting_weeklyreport.py(122 - MainProcess - MainThread - <module>): INFO 20513759会议的数据整理完毕
2019-05-10 10:34:16 meeting_weeklyreport.py(124 - MainProcess - MainThread - <module>): INFO 处理完的响应数据:{"Meeting_Number": "20513759", "Meeting_Name": "\u4e34\u65f6\u4f1a\u8bae(20513759)", "Start_Time": "2019-04-30 00:01:29", "End_Time": "2019-04-30 19:23:12", "Number_Count": 3, "Percent": "66.67%", "Number_List": ["61101192_\u901a\u8fbd\u5730\u9762", "61101200_\u547c\u4f26\u8d1d\u5c14\u4e8c\u4fc3", "61101052_\u4e0a\u6d77\u4e2d\u5fc3-\u5185\u8499\u4e8c\u533a"], "Unqualified_List": ["61101192->61101052", "61101200->61101052"]}
2019-05-10 10:34:16 meeting_weeklyreport.py(134 - MainProcess - MainThread - <module>): INFO 程序暂停2秒钟
2019-05-10 10:34:18 meeting_weeklyreport.py(83 - MainProcess - MainThread - <module>): INFO 总共需要分析的会议个数:24
2019-05-10 10:34:18 meeting_weeklyreport.py(85 - MainProcess - MainThread - <module>): INFO 剩余未分析的会议个数:23
2019-05-10 10:34:18 meeting_weeklyreport.py(94 - MainProcess - MainThread - <module>): INFO 开始调用分析接口分析50534017会议
2019-05-10 10:34:49 meeting_weeklyreport.py(111 - MainProcess - MainThread - <module>): INFO 分析50534017会议的接口调用完毕
2019-05-10 10:34:49 meeting_weeklyreport.py(113 - MainProcess - MainThread - <module>): INFO 响应数据:{"state": {"resultCode": 0, "msg": "\u6839\u636e\u60a8\u7684\u8f93\u5165\u6761\u4ef6\u3010\u670d\u52a1\u5668\u8017\u65f6:29\u79d2\uff0c\u7ed3\u679c\u5927\u5c0f:1KB249Byte\u3011"}, "result": {"50534017": {"2019-04-30 05:57:10->2019-04-30 20:15:40": {"c2c": {"61101154->61101063": {"lostBadNum": 3, "lost0To2": 12890, "eBadNum": 63, "eAllNum": 6731, "lost2To100": 335}, "61101155->61101154": {"lostBadNum": 1, "lost0To2": 2602, "eBadNum": 16, "eAllNum": 1474, "lost2To100": 82}, "61101155->61101045": {"lostBadNum": 2, "lost0To2": 2444, "eBadNum": 94, "eAllNum": 2236, "lost2To100": 218}, "61101154->61101155": {"lostBadNum": 0, "lost0To2": 2902, "eBadNum": 11, "eAllNum": 1477, "lost2To100": 46}, "61101154->61101045": {"lostBadNum": 15, "lost0To2": 5224, "eBadNum": 189, "eAllNum": 3933, "lost2To100": 506}, "61101155->61101063": {"lostBadNum": 0, "lost0To2": 4233, "eBadNum": 11, "eAllNum": 2238, "lost2To100": 43}, "61101063->61101045": {"lostBadNum": 21, "lost0To2": 6894, "eBadNum": 188, "eAllNum": 4775, "lost2To100": 665}, "61101063->61101155": {"lostBadNum": 0, "lost0To2": 4461, "eBadNum": 3, "eAllNum": 2236, "lost2To100": 8}, "61101063->61101154": {"lostBadNum": 12, "lost0To2": 12393, "eBadNum": 91, "eAllNum": 6752, "lost2To100": 403}, "61101045->61101063": {"lostBadNum": 10, "lost0To2": 8877, "eBadNum": 250, "eAllNum": 4844, "lost2To100": 475}, "61101045->61101155": {"lostBadNum": 1, "lost0To2": 4353, "eBadNum": 60, "eAllNum": 2252, "lost2To100": 110}, "61101045->61101154": {"lostBadNum": 11, "lost0To2": 6589, "eBadNum": 162, "eAllNum": 3987, "lost2To100": 740}}, "count": {"info": {"userNum": 4, "consumeTime": 29669, "qosTableAllNum": 283, "qosTableCountNum": 113, "recordNum": 85915}}}}}}
2019-05-10 10:34:49 meeting_weeklyreport.py(115 - MainProcess - MainThread - <module>): INFO 开始对50534017会议响应的数据进行数据整理
2019-05-10 10:34:49 api.py(156 - MainProcess - MainThread - Analyze_Response): INFO 开始匹配会议名称
2019-05-10 10:34:49 api.py(169 - MainProcess - MainThread - Analyze_Response): INFO 开始匹配会议的起始时间和结束时间
2019-05-10 10:34:49 api.py(181 - MainProcess - MainThread - Analyze_Response): INFO 开始匹配会议的参会人数
2019-05-10 10:34:49 api.py(191 - MainProcess - MainThread - Analyze_Response): INFO 将不合格的端到端添加到列表
2019-05-10 10:34:49 api.py(181 - MainProcess - MainThread - Analyze_Response): INFO 开始匹配会议的参会人数
2019-05-10 10:34:49 api.py(181 - MainProcess - MainThread - Analyze_Response): INFO 开始匹配会议的参会人数
2019-05-10 10:34:49 api.py(181 - MainProcess - MainThread - Analyze_Response): INFO 开始匹配会议的参会人数
2019-05-10 10:34:49 api.py(181 - MainProcess - MainThread - Analyze_Response): INFO 开始匹配会议的参会人数
2019-05-10 10:34:49 api.py(191 - MainProcess - MainThread - Analyze_Response): INFO 将不合格的端到端添加到列表
2019-05-10 10:34:49 api.py(181 - MainProcess - MainThread - Analyze_Response): INFO 开始匹配会议的参会人数
2019-05-10 10:34:49 api.py(181 - MainProcess - MainThread - Analyze_Response): INFO 开始匹配会议的参会人数
2019-05-10 10:34:49 api.py(191 - MainProcess - MainThread - Analyze_Response): INFO 将不合格的端到端添加到列表
2019-05-10 10:34:49 api.py(181 - MainProcess - MainThread - Analyze_Response): INFO 开始匹配会议的参会人数
2019-05-10 10:34:49 api.py(181 - MainProcess - MainThread - Analyze_Response): INFO 开始匹配会议的参会人数
2019-05-10 10:34:49 api.py(191 - MainProcess - MainThread - Analyze_Response): INFO 将不合格的端到端添加到列表
2019-05-10 10:34:49 api.py(181 - MainProcess - MainThread - Analyze_Response): INFO 开始匹配会议的参会人数
2019-05-10 10:34:49 api.py(191 - MainProcess - MainThread - Analyze_Response): INFO 将不合格的端到端添加到列表
2019-05-10 10:34:49 api.py(181 - MainProcess - MainThread - Analyze_Response): INFO 开始匹配会议的参会人数
2019-05-10 10:34:49 api.py(181 - MainProcess - MainThread - Analyze_Response): INFO 开始匹配会议的参会人数
2019-05-10 10:34:49 api.py(191 - MainProcess - MainThread - Analyze_Response): INFO 将不合格的端到端添加到列表
2019-05-10 10:34:49 api.py(194 - MainProcess - MainThread - Analyze_Response): INFO 开始求端到端总体合格率
2019-05-10 10:34:49 api.py(198 - MainProcess - MainThread - Analyze_Response): INFO 开始匹配视频号对应的昵称
2019-05-10 10:34:49 api.py(122 - MainProcess - MainThread - number_and_usercenter): INFO 开始调用用户中心接口
2019-05-10 10:34:52 api.py(141 - MainProcess - MainThread - number_and_usercenter): INFO 用户中心接口调用完毕,视频号和昵称匹配完毕
2019-05-10 10:34:52 meeting_weeklyreport.py(122 - MainProcess - MainThread - <module>): INFO 50534017会议的数据整理完毕
2019-05-10 10:34:52 meeting_weeklyreport.py(124 - MainProcess - MainThread - <module>): INFO 处理完的响应数据:{"Meeting_Number": "50534017", "Meeting_Name": "\u4e34\u65f6\u4f1a\u8bae(50534017)", "Start_Time": "2019-04-30 05:57:10", "End_Time": "2019-04-30 20:15:40", "Number_Count": 4, "Percent": "50.0%", "Number_List": ["61101154_\u672a\u547d\u540d", "61101063_\u672a\u547d\u540d", "61101155_\u672a\u547d\u540d", "61101045_\u7ef5\u9633\u4e2d\u5fc3-\u56db\u5ddd\u4e8c\u533a"], "Unqualified_List": ["61101154->61101063", "61101154->61101045", "61101063->61101045", "61101063->61101154", "61101045->61101063", "61101045->61101154"]}
2019-05-10 10:34:52 meeting_weeklyreport.py(134 - MainProcess - MainThread - <module>): INFO 程序暂停2秒钟
2019-05-10 10:34:54 meeting_weeklyreport.py(83 - MainProcess - MainThread - <module>): INFO 总共需要分析的会议个数:24
2019-05-10 10:34:54 meeting_weeklyreport.py(85 - MainProcess - MainThread - <module>): INFO 剩余未分析的会议个数:22
2019-05-10 10:34:54 meeting_weeklyreport.py(94 - MainProcess - MainThread - <module>): INFO 开始调用分析接口分析40535653会议
2019-05-10 10:35:25 meeting_weeklyreport.py(111 - MainProcess - MainThread - <module>): INFO 分析40535653会议的接口调用完毕
2019-05-10 10:35:25 meeting_weeklyreport.py(113 - MainProcess - MainThread - <module>): INFO 响应数据:{"state": {"resultCode": 0, "msg": "\u6839\u636e\u60a8\u7684\u8f93\u5165\u6761\u4ef6\u3010\u670d\u52a1\u5668\u8017\u65f6:29\u79d2\uff0c\u7ed3\u679c\u5927\u5c0f:607Byte\u3011"}, "result": {"40535653": {"2019-04-30 07:40:26->2019-04-30 19:13:50": {"c2c": {"61101116->61101119": {"lostBadNum": 0, "lost0To2": 0, "eBadNum": 0, "eAllNum": 2, "lost2To100": 0}, "61101033->61101119": {"lostBadNum": 0, "lost0To2": 5847, "eBadNum": 52, "eAllNum": 3002, "lost2To100": 131}, "61101116->61101033": {"lostBadNum": 0, "lost0To2": 2927, "eBadNum": 6, "eAllNum": 1504, "lost2To100": 5}, "61101119->61101033": {"lostBadNum": 0, "lost0To2": 5786, "eBadNum": 3, "eAllNum": 2992, "lost2To100": 10}, "61101033->61101116": {"lostBadNum": 0, "lost0To2": 2952, "eBadNum": 83, "eAllNum": 1517, "lost2To100": 59}}, "count": {"info": {"userNum": 3, "consumeTime": 29712, "qosTableAllNum": 92, "qosTableCountNum": 92, "recordNum": 18010}}}}}}
2019-05-10 10:35:25 meeting_weeklyreport.py(115 - MainProcess - MainThread - <module>): INFO 开始对40535653会议响应的数据进行数据整理
2019-05-10 10:35:25 api.py(156 - MainProcess - MainThread - Analyze_Response): INFO 开始匹配会议名称
2019-05-10 10:35:25 api.py(169 - MainProcess - MainThread - Analyze_Response): INFO 开始匹配会议的起始时间和结束时间
2019-05-10 10:35:25 api.py(181 - MainProcess - MainThread - Analyze_Response): INFO 开始匹配会议的参会人数
2019-05-10 10:35:25 api.py(181 - MainProcess - MainThread - Analyze_Response): INFO 开始匹配会议的参会人数
2019-05-10 10:35:25 api.py(181 - MainProcess - MainThread - Analyze_Response): INFO 开始匹配会议的参会人数
2019-05-10 10:35:25 api.py(181 - MainProcess - MainThread - Analyze_Response): INFO 开始匹配会议的参会人数
2019-05-10 10:35:25 api.py(181 - MainProcess - MainThread - Analyze_Response): INFO 开始匹配会议的参会人数
2019-05-10 10:35:25 api.py(191 - MainProcess - MainThread - Analyze_Response): INFO 将不合格的端到端添加到列表
2019-05-10 10:35:25 api.py(194 - MainProcess - MainThread - Analyze_Response): INFO 开始求端到端总体合格率
2019-05-10 10:35:25 api.py(198 - MainProcess - MainThread - Analyze_Response): INFO 开始匹配视频号对应的昵称
2019-05-10 10:35:25 api.py(122 - MainProcess - MainThread - number_and_usercenter): INFO 开始调用用户中心接口
2019-05-10 10:35:25 api.py(141 - MainProcess - MainThread - number_and_usercenter): INFO 用户中心接口调用完毕,视频号和昵称匹配完毕
2019-05-10 10:35:25 meeting_weeklyreport.py(122 - MainProcess - MainThread - <module>): INFO 40535653会议的数据整理完毕
2019-05-10 10:35:25 meeting_weeklyreport.py(124 - MainProcess - MainThread - <module>): INFO 处理完的响应数据:{"Meeting_Number": "40535653", "Meeting_Name": "\u4e34\u65f6\u4f1a\u8bae(40535653)", "Start_Time": "2019-04-30 07:40:26", "End_Time": "2019-04-30 19:13:50", "Number_Count": 3, "Percent": "80.0%", "Number_List": ["61101116_\u6f4d\u574a-\u5c71\u4e1c\u4e09\u533a-\u4e34\u6c82", "61101119_\u6f4d\u574a\u5c71\u4e1c\u4e09\u533a\u67a3\u5e84", "61101033_\u6f4d\u574a-\u5c71\u4e1c\u4e09\u533a"], "Unqualified_List": ["61101033->61101116"]}
2019-05-10 10:35:25 meeting_weeklyreport.py(134 - MainProcess - MainThread - <module>): INFO 程序暂停2秒钟
2019-05-10 10:35:27 meeting_weeklyreport.py(83 - MainProcess - MainThread - <module>): INFO 总共需要分析的会议个数:24
2019-05-10 10:35:27 meeting_weeklyreport.py(85 - MainProcess - MainThread - <module>): INFO 剩余未分析的会议个数:21
2019-05-10 10:35:27 meeting_weeklyreport.py(94 - MainProcess - MainThread - <module>): INFO 开始调用分析接口分析60534001会议
2019-05-10 10:35:40 meeting_weeklyreport.py(111 - MainProcess - MainThread - <module>): INFO 分析60534001会议的接口调用完毕
2019-05-10 10:35:40 meeting_weeklyreport.py(113 - MainProcess - MainThread - <module>): INFO 响应数据:{"state": {"resultCode": 0, "msg": "\u6839\u636e\u60a8\u7684\u8f93\u5165\u6761\u4ef6\u3010\u670d\u52a1\u5668\u8017\u65f6:11\u79d2\uff0c\u7ed3\u679c\u5927\u5c0f:353Byte\u3011"}, "result": {"60534001": {"2019-04-30 07:40:29->2019-05-01 00:00:24": {"c2c": {"61101118->61101020": {"lostBadNum": 4, "lost0To2": 15954, "eBadNum": 205, "eAllNum": 8269, "lost2To100": 306}, "61101020->61101118": {"lostBadNum": 11, "lost0To2": 16202, "eBadNum": 312, "eAllNum": 8512, "lost2To100": 599}}, "count": {"info": {"userNum": 2, "consumeTime": 11646, "qosTableAllNum": 348, "qosTableCountNum": 173, "recordNum": 33510}}}}}}
2019-05-10 10:35:40 meeting_weeklyreport.py(115 - MainProcess - MainThread - <module>): INFO 开始对60534001会议响应的数据进行数据整理
2019-05-10 10:35:40 api.py(156 - MainProcess - MainThread - Analyze_Response): INFO 开始匹配会议名称
2019-05-10 10:35:40 api.py(169 - MainProcess - MainThread - Analyze_Response): INFO 开始匹配会议的起始时间和结束时间
2019-05-10 10:35:40 api.py(181 - MainProcess - MainThread - Analyze_Response): INFO 开始匹配会议的参会人数
2019-05-10 10:35:40 api.py(191 - MainProcess - MainThread - Analyze_Response): INFO 将不合格的端到端添加到列表
2019-05-10 10:35:40 api.py(181 - MainProcess - MainThread - Analyze_Response): INFO 开始匹配会议的参会人数
2019-05-10 10:35:40 api.py(191 - MainProcess - MainThread - Analyze_Response): INFO 将不合格的端到端添加到列表
2019-05-10 10:35:40 api.py(194 - MainProcess - MainThread - Analyze_Response): INFO 开始求端到端总体合格率
2019-05-10 10:35:40 api.py(198 - MainProcess - MainThread - Analyze_Response): INFO 开始匹配视频号对应的昵称
2019-05-10 10:35:40 api.py(122 - MainProcess - MainThread - number_and_usercenter): INFO 开始调用用户中心接口
2019-05-10 10:35:40 api.py(141 - MainProcess - MainThread - number_and_usercenter): INFO 用户中心接口调用完毕,视频号和昵称匹配完毕
2019-05-10 10:35:40 meeting_weeklyreport.py(122 - MainProcess - MainThread - <module>): INFO 60534001会议的数据整理完毕
2019-05-10 10:35:40 meeting_weeklyreport.py(124 - MainProcess - MainThread - <module>): INFO 处理完的响应数据:{"Meeting_Number": "60534001", "Meeting_Name": "\u4e34\u65f6\u4f1a\u8bae(60534001)", "Start_Time": "2019-04-30 07:40:29", "End_Time": "2019-05-01 00:00:24", "Number_Count": 2, "Percent": "0.0%", "Number_List": ["61101118_\u6f4d\u574a\u5c71\u4e1c\u4e94\u533a\u5a01\u6d77\u673a\u6784", "61101020_\u6f4d\u574a\u5c71\u4e1c\u4e94\u533a"], "Unqualified_List": ["61101118->61101020", "61101020->61101118"]}
2019-05-10 10:35:40 meeting_weeklyreport.py(134 - MainProcess - MainThread - <module>): INFO 程序暂停2秒钟
2019-05-10 10:35:42 meeting_weeklyreport.py(83 - MainProcess - MainThread - <module>): INFO 总共需要分析的会议个数:24
2019-05-10 10:35:42 meeting_weeklyreport.py(85 - MainProcess - MainThread - <module>): INFO 剩余未分析的会议个数:20
2019-05-10 10:35:42 meeting_weeklyreport.py(94 - MainProcess - MainThread - <module>): INFO 开始调用分析接口分析40514015会议
2019-05-10 10:36:34 meeting_weeklyreport.py(106 - MainProcess - MainThread - <module>): ERROR 分析服务于2019_05_10_10_33_45宕掉了,剩余未被分析的会议号信息存放在C:\Users\tangl\PycharmProjects\meeting_weeklyreport\data\大地保险\服务宕掉后剩余未分析的会议号信息.txt
2019-05-10 10:36:52 meeting_weeklyreport.py(143 - MainProcess - MainThread - <module>): INFO 开始将整理的全部数据都写入到excel
2019-05-10 10:36:53 meeting_weeklyreport.py(148 - MainProcess - MainThread - <module>): INFO 写入excel数据完毕
2019-05-10 10:36:53 meeting_weeklyreport.py(169 - MainProcess - MainThread - <module>): INFO 会议分析程序结束的时间:2019_05_10_10_33_45,总共用时00:03:08
2019-05-10 10:37:05 meeting_weeklyreport.py(62 - MainProcess - MainThread - <module>): INFO json文件合并后的数据:{"gzip": "false", "data": [{"mid": "20513759", "nubes": "", "time": [{"startTime": "2019-04-30 00:01:29", "endTime": "2019-04-30 19:23:12"}]}, {"mid": "50534017", "nubes": "", "time": [{"startTime": "2019-04-30 05:57:10", "endTime": "2019-04-30 20:15:40"}]}, {"mid": "40535653", "nubes": "", "time": [{"startTime": "2019-04-30 07:40:26", "endTime": "2019-04-30 19:13:50"}]}, {"mid": "60534001", "nubes": "", "time": [{"startTime": "2019-04-30 07:40:29", "endTime": "2019-05-01 00:00:24"}]}, {"mid": "40514015", "nubes": "", "time": [{"startTime": "2019-04-30 07:41:40", "endTime": "2019-04-30 20:20:39"}]}, {"mid": "90513791", "nubes": "", "time": [{"startTime": "2019-04-30 07:45:29", "endTime": "2019-04-30 19:26:17"}]}, {"mid": "20521851", "nubes": "", "time": [{"startTime": "2019-04-30 07:57:06", "endTime": "2019-05-01 00:00:30"}]}, {"mid": "30534967", "nubes": "", "time": [{"startTime": "2019-04-30 07:59:11", "endTime": "2019-05-01 00:00:41"}]}, {"mid": "70535659", "nubes": "", "time": [{"startTime": "2019-04-30 08:05:34", "endTime": "2019-04-30 20:04:58"}]}, {"mid": "40513815", "nubes": "", "time": [{"startTime": "2019-04-30 08:09:52", "endTime": "2019-05-01 00:00:48"}]}, {"mid": "20534063", "nubes": "", "time": [{"startTime": "2019-04-30 08:11:04", "endTime": "2019-04-30 09:53:54"}]}, {"mid": "70535095", "nubes": "", "time": [{"startTime": "2019-04-30 08:12:34", "endTime": "2019-04-30 08:16:48"}]}, {"mid": "90535661", "nubes": "", "time": [{"startTime": "2019-04-30 08:14:24", "endTime": "2019-04-30 20:08:46"}]}, {"mid": "40508235", "nubes": "", "time": [{"startTime": "2019-04-30 08:16:39", "endTime": "2019-05-01 00:00:58"}]}, {"mid": "70513653", "nubes": "", "time": [{"startTime": "2019-04-30 08:20:32", "endTime": "2019-05-01 00:00:28"}]}, {"mid": "50534031", "nubes": "", "time": [{"startTime": "2019-04-30 08:38:40", "endTime": "2019-05-01 00:00:48"}]}, {"mid": "20512343", "nubes": "", "time": [{"startTime": "2019-04-30 08:42:00", "endTime": "2019-05-01 00:01:07"}]}, {"mid": "80535715", "nubes": "", "time": [{"startTime": "2019-04-30 08:45:58", "endTime": "2019-04-30 22:05:25"}]}, {"mid": "20518579", "nubes": "", "time": [{"startTime": "2019-04-30 09:04:55", "endTime": "2019-05-01 00:00:25"}]}, {"mid": "30535087", "nubes": "", "time": [{"startTime": "2019-04-30 09:06:22", "endTime": "2019-05-01 00:00:20"}]}, {"mid": "40531553", "nubes": "", "time": [{"startTime": "2019-04-30 09:16:46", "endTime": "2019-05-01 00:00:32"}]}, {"mid": "20531493", "nubes": "", "time": [{"startTime": "2019-04-30 09:49:06", "endTime": "2019-05-01 00:00:27"}]}, {"mid": "50522379", "nubes": "", "time": [{"startTime": "2019-04-30 11:33:35", "endTime": "2019-05-01 00:00:50"}]}, {"mid": "30526489", "nubes": "", "time": [{"startTime": "2019-04-30 12:43:06", "endTime": "2019-05-01 00:00:45"}]}]}
2019-05-10 10:37:05 meeting_weeklyreport.py(75 - MainProcess - MainThread - <module>): INFO 会议分析程序启动的时间:2019_05_10_10_37_05
2019-05-10 10:37:05 meeting_weeklyreport.py(83 - MainProcess - MainThread - <module>): INFO 总共需要分析的会议个数:24
2019-05-10 10:37:05 meeting_weeklyreport.py(85 - MainProcess - MainThread - <module>): INFO 剩余未分析的会议个数:24
2019-05-10 10:37:05 meeting_weeklyreport.py(94 - MainProcess - MainThread - <module>): INFO 开始调用分析接口分析20513759会议
2019-05-10 10:37:07 meeting_weeklyreport.py(100 - MainProcess - MainThread - <module>): ERROR 分析服务接口无法访问,请查看分析服务是否正常,配置文件是否正确
2019-05-10 10:37:09 meeting_weeklyreport.py(140 - MainProcess - MainThread - <module>): ERROR 分析整理完的数据为空
2019-05-10 10:37:09 meeting_weeklyreport.py(169 - MainProcess - MainThread - <module>): INFO 会议分析程序结束的时间:2019_05_10_10_37_05,总共用时00:00:04
2019-05-10 10:38:47 meeting_weeklyreport.py(62 - MainProcess - MainThread - <module>): INFO json文件合并后的数据:{"gzip": "false", "data": [{"mid": "20513759", "nubes": "", "time": [{"startTime": "2019-04-30 00:01:29", "endTime": "2019-04-30 19:23:12"}]}, {"mid": "50534017", "nubes": "", "time": [{"startTime": "2019-04-30 05:57:10", "endTime": "2019-04-30 20:15:40"}]}, {"mid": "40535653", "nubes": "", "time": [{"startTime": "2019-04-30 07:40:26", "endTime": "2019-04-30 19:13:50"}]}, {"mid": "60534001", "nubes": "", "time": [{"startTime": "2019-04-30 07:40:29", "endTime": "2019-05-01 00:00:24"}]}, {"mid": "40514015", "nubes": "", "time": [{"startTime": "2019-04-30 07:41:40", "endTime": "2019-04-30 20:20:39"}]}, {"mid": "90513791", "nubes": "", "time": [{"startTime": "2019-04-30 07:45:29", "endTime": "2019-04-30 19:26:17"}]}, {"mid": "20521851", "nubes": "", "time": [{"startTime": "2019-04-30 07:57:06", "endTime": "2019-05-01 00:00:30"}]}, {"mid": "30534967", "nubes": "", "time": [{"startTime": "2019-04-30 07:59:11", "endTime": "2019-05-01 00:00:41"}]}, {"mid": "70535659", "nubes": "", "time": [{"startTime": "2019-04-30 08:05:34", "endTime": "2019-04-30 20:04:58"}]}, {"mid": "40513815", "nubes": "", "time": [{"startTime": "2019-04-30 08:09:52", "endTime": "2019-05-01 00:00:48"}]}, {"mid": "20534063", "nubes": "", "time": [{"startTime": "2019-04-30 08:11:04", "endTime": "2019-04-30 09:53:54"}]}, {"mid": "70535095", "nubes": "", "time": [{"startTime": "2019-04-30 08:12:34", "endTime": "2019-04-30 08:16:48"}]}, {"mid": "90535661", "nubes": "", "time": [{"startTime": "2019-04-30 08:14:24", "endTime": "2019-04-30 20:08:46"}]}, {"mid": "40508235", "nubes": "", "time": [{"startTime": "2019-04-30 08:16:39", "endTime": "2019-05-01 00:00:58"}]}, {"mid": "70513653", "nubes": "", "time": [{"startTime": "2019-04-30 08:20:32", "endTime": "2019-05-01 00:00:28"}]}, {"mid": "50534031", "nubes": "", "time": [{"startTime": "2019-04-30 08:38:40", "endTime": "2019-05-01 00:00:48"}]}, {"mid": "20512343", "nubes": "", "time": [{"startTime": "2019-04-30 08:42:00", "endTime": "2019-05-01 00:01:07"}]}, {"mid": "80535715", "nubes": "", "time": [{"startTime": "2019-04-30 08:45:58", "endTime": "2019-04-30 22:05:25"}]}, {"mid": "20518579", "nubes": "", "time": [{"startTime": "2019-04-30 09:04:55", "endTime": "2019-05-01 00:00:25"}]}, {"mid": "30535087", "nubes": "", "time": [{"startTime": "2019-04-30 09:06:22", "endTime": "2019-05-01 00:00:20"}]}, {"mid": "40531553", "nubes": "", "time": [{"startTime": "2019-04-30 09:16:46", "endTime": "2019-05-01 00:00:32"}]}, {"mid": "20531493", "nubes": "", "time": [{"startTime": "2019-04-30 09:49:06", "endTime": "2019-05-01 00:00:27"}]}, {"mid": "50522379", "nubes": "", "time": [{"startTime": "2019-04-30 11:33:35", "endTime": "2019-05-01 00:00:50"}]}, {"mid": "30526489", "nubes": "", "time": [{"startTime": "2019-04-30 12:43:06", "endTime": "2019-05-01 00:00:45"}]}]}
2019-05-10 10:38:47 meeting_weeklyreport.py(75 - MainProcess - MainThread - <module>): INFO 会议分析程序启动的时间:2019_05_10_10_38_47
2019-05-10 10:38:47 meeting_weeklyreport.py(83 - MainProcess - MainThread - <module>): INFO 总共需要分析的会议个数:24
2019-05-10 10:38:47 meeting_weeklyreport.py(85 - MainProcess - MainThread - <module>): INFO 剩余未分析的会议个数:24
2019-05-10 10:38:47 meeting_weeklyreport.py(94 - MainProcess - MainThread - <module>): INFO 开始调用分析接口分析20513759会议
2019-05-10 10:38:49 meeting_weeklyreport.py(100 - MainProcess - MainThread - <module>): ERROR 分析服务接口无法访问,请查看分析服务是否正常,配置文件是否正确
2019-05-10 10:38:52 meeting_weeklyreport.py(140 - MainProcess - MainThread - <module>): ERROR 没有任何需要整理的响应数据
2019-05-10 10:38:52 meeting_weeklyreport.py(169 - MainProcess - MainThread - <module>): INFO 会议分析程序结束的时间:2019_05_10_10_38_47,总共用时00:00:05
